INFO:root:Application Started
INFO:root:Working directory: /home/usd.local/timothy.sereda/.visdom
INFO:tornado.access:200 POST /env/main (::1) 0.53ms
INFO:tornado.access:101 GET /vis_socket (::1) 0.39ms
INFO:root:Opened visdom socket from ip: ::1
INFO:tornado.access:200 POST /win_exists (::1) 0.64ms
INFO:tornado.access:200 POST /win_exists (::1) 0.25ms
INFO:tornado.access:200 POST /events (::1) 6.57ms
INFO:tornado.access:200 POST /events (::1) 0.36ms
INFO:tornado.access:200 POST /events (::1) 0.43ms
INFO:tornado.access:200 POST /events (::1) 5.38ms
INFO:tornado.access:200 POST /events (::1) 0.33ms
INFO:tornado.access:200 POST /events (::1) 0.37ms
INFO:tornado.access:200 POST /events (::1) 3.83ms
INFO:tornado.access:200 POST /events (::1) 0.34ms
INFO:tornado.access:200 POST /events (::1) 0.35ms
INFO:tornado.access:200 POST /events (::1) 3.45ms
INFO:tornado.access:200 POST /events (::1) 0.33ms
INFO:tornado.access:200 POST /events (::1) 0.35ms
INFO:tornado.access:200 POST /events (::1) 3.96ms
INFO:tornado.access:200 POST /events (::1) 0.33ms
INFO:tornado.access:200 POST /events (::1) 0.36ms
INFO:tornado.access:200 POST /events (::1) 2.99ms
INFO:tornado.access:200 POST /events (::1) 0.37ms
INFO:tornado.access:200 POST /events (::1) 0.40ms
INFO:tornado.access:200 POST /events (::1) 3.05ms
INFO:tornado.access:200 POST /events (::1) 0.34ms
INFO:tornado.access:200 POST /events (::1) 0.37ms
INFO:tornado.access:200 POST /events (::1) 5.01ms
INFO:tornado.access:200 POST /events (::1) 0.36ms
INFO:tornado.access:200 POST /events (::1) 0.38ms
INFO:tornado.access:200 POST /events (::1) 3.35ms
INFO:tornado.access:200 POST /events (::1) 0.35ms
INFO:tornado.access:200 POST /events (::1) 0.39ms
INFO:tornado.access:200 POST /events (::1) 4.10ms
INFO:tornado.access:200 POST /events (::1) 0.34ms
INFO:tornado.access:200 POST /events (::1) 0.49ms
ERROR:tornado.general:Could not open static file '/home/usd.local/timothy.sereda/miniforge3/envs/papGAN/lib/python3.8/site-packages/visdom/user/style.css'
INFO:tornado.access:200 GET / (::1) 22.21ms
INFO:tornado.access:200 GET /static/css/bootstrap.min.css?v=e8c5daf01eae68ed7c1e277a6e544c7ad108a0fa877fb531d6d9f2210769b7da88e4e002c7b0be3b72154ebf7cbf01a795c8342ce2dad368bd6351e956195f8b (::1) 3.69ms
INFO:tornado.access:200 GET /static/js/jquery.min.js?v=53a2b560b20551672fbb0e6e72632d4fd1c7e2dd2ecf7337ebaaab179cb8be7c87e9d803ce7765706bc7fcbcf993c34587cd1237de5a279aea19911d69067b65 (::1) 1.55ms
INFO:tornado.access:200 GET /static/css/react-resizable-styles.css?v=a5ba57f67c45b93ccf0e85aee677363a9267ca450452524278aa2538934caa2d425b3ad9de535608f5983729ff25fb9edc98b796cd639d6e4633e5d688c59309 (::1) 2.10ms
INFO:tornado.access:200 GET /static/js/bootstrap.min.js?v=8b3b64a1bb2f9e329f02d4cd7479065630184ebaed942ee61a9ff9e1ce34c28c0eecb854458977815cf3704a8697fa8a5d096d2761f032b74b70d51da3e37f45 (::1) 2.50ms
INFO:tornado.access:200 GET /static/css/react-grid-layout-styles.css?v=088afb33aca5476eb6b9bac95c72316c59771cea8c53b9f4c6429bb3b0ae728e6518b45e83855af2e213f9e734959da931f042142fe62aec80b6c0e0bcb7017f (::1) 2.82ms
INFO:tornado.access:200 GET /static/js/react-react.min.js?v=52fa608d7e6bb1982d7ba2364e0dd363219f5733177cc2794330878e79ba97bcf5d01a09f23183ff948745c92da50d60d8c8daf406832720f3912bc85fe232f3 (::1) 3.14ms
INFO:tornado.access:200 GET /static/js/react-dom.min.js?v=57dfe873909119995858f3727fc88b77c35ae618be1158910bbe1128c4b2d1407e047dd903724452c6d087793f485dda3ca6e93485298817ae8eccf219bffa6b (::1) 0.96ms
INFO:tornado.access:200 GET /static/js/layout_bin_packer.js?v=bd0a340e63783f93e70652b477fea0efcb7550c7aa9ddae85e51a6e1a3ca94230cf7661f2fc067a612a3467662cd0ae4af99ef1134afe7768fe02ffa678f1e0a (::1) 1.23ms
INFO:tornado.access:200 GET /static/js/mathjax/2.7.5/config/TeX-AMS-MML_HTMLorMML.js?v=7957886bc10b0642fb0ed11026272430ef9aa044702d6ebb5307e376e97a880afda24488eb53f530c574b44dc247909e51aecc3bb7a66b938187bbd2e0397cd0 (::1) 2.20ms
INFO:tornado.access:200 GET /static/js/mathjax/2.7.5/MathJax.js?v=d1da1cf612b14773d8c2ca38d910f5a79c92669cf3b8388ec0cadd08487659d2590a372614a73fc049cbfb3f1f050ae71e888d59ba3eddf88690e61705d429e0 (::1) 2.69ms
INFO:tornado.access:200 GET /static/js/plotly-plotly.min.js?v=83d30d35b5428080a0e1c0fdb32c53b44541aa84649de30f90a086e3f23dce2dcc41302c61973eaf22a91612b96e9cda1c033c181d5137b3d343eb47e1bd4349 (::1) 12.57ms
INFO:tornado.access:200 GET /static/js/d3.v3.min.js?v=a09a740dd42e410ad1b0a565cbe5b0e9f00dd46c0937b7756e2f14b9ba446f30d487ce16ac9d8214f0674f82ea04271fa937074793865c516168f7b7835fdbcd (::1) 13.42ms
INFO:tornado.access:200 GET /static/js/d3-selection-multi.v1.js?v=2fbbac97bbcfe5a736825e52477377edc8ae4bdd6c50fb416ac50970753281c228105d72740ce11938f687032358db646aea558be0bb033cfafb574a2a757739 (::1) 0.68ms
INFO:tornado.access:200 GET /static/js/saveSvgAsPng.js?v=791385fab2ee114895b981a632a86c4fcfcec122dc570e512e386126b58b4f39ef0dcc06d16b57ad5eb0ecaa38370ecbc96cc364e1a54237f341dee45182d071 (::1) 0.66ms
INFO:tornado.access:200 GET /static/js/main.js?v=d5b389bb199a05ae98ab270cf5d305c6d7d321fd46fe7fbf74ae23ee190ca5fee0c590a1ce461d2753460f6524ee12e147a72fa0d062829b47e52d00643bf9e5 (::1) 3.86ms
INFO:tornado.access:200 GET /static/css/style.css?v=5992e699473eac51703490c400a846997177fd7c6fb92ba8fbe96db526c2df816716dfebbcd1957bce1b09890c83899e46a5100017ab20e06ca91796a31571bb (::1) 0.66ms
INFO:tornado.access:200 GET /user/style.css (::1) 0.30ms
INFO:tornado.access:200 GET /static/css/network.css?v=514a54ce7c32ff26a26532a6ac209729ea7f0a1ca05bdc60529925a75d487537286a804df37d75ea2aee6b4a6d80ce902ffb8bffc85f15cd33e1e3386cb40aad (::1) 0.66ms
ERROR:tornado.general:Could not open static file '/home/usd.local/timothy.sereda/miniforge3/envs/papGAN/lib/python3.8/site-packages/visdom/user/style.css'
INFO:tornado.access:200 GET /favicon.png (::1) 15.46ms
INFO:tornado.access:200 GET /static/fonts/glyphicons-halflings-regular.woff2 (::1) 0.86ms
INFO:tornado.access:101 GET /socket (::1) 0.33ms
INFO:root:Opened new socket from ip: ::1
INFO:tornado.access:200 POST /env/main (::1) 6.38ms
INFO:tornado.access:200 POST /env/main (::1) 12.15ms
INFO:tornado.access:200 POST /events (::1) 11.09ms
INFO:tornado.access:200 POST /events (::1) 0.45ms
INFO:tornado.access:200 POST /events (::1) 0.65ms
